<?xml version="1.0" encoding="UTF-8"?>
<coverage generated="1748082574373" clover="3.2.0">
  <project timestamp="1748082574373" name="All files">
    <metrics statements="149" coveredstatements="147" conditionals="94" coveredconditionals="88" methods="10" coveredmethods="10" elements="253" coveredelements="245" complexity="0" loc="149" ncloc="149" packages="1" files="1" classes="1"/>
    <file name="quantum_functions.js" path="C:\Users\shach\dev\atom\electron-orbital-viewer\src\quantum_functions.js">
      <metrics statements="149" coveredstatements="147" conditionals="94" coveredconditionals="88" methods="10" coveredmethods="10"/>
      <line num="3" count="1" type="stmt"/>
      <line num="4" count="1" type="stmt"/>
      <line num="5" count="1" type="stmt"/>
      <line num="6" count="1" type="stmt"/>
      <line num="7" count="1" type="stmt"/>
      <line num="8" count="1" type="stmt"/>
      <line num="14" count="1" type="stmt"/>
      <line num="42" count="3984747" type="cond" truecount="2" falsecount="0"/>
      <line num="43" count="2" type="stmt"/>
      <line num="45" count="3984745" type="cond" truecount="4" falsecount="0"/>
      <line num="46" count="2954401" type="stmt"/>
      <line num="48" count="1030344" type="cond" truecount="2" falsecount="0"/>
      <line num="49" count="1030321" type="stmt"/>
      <line num="52" count="23" type="stmt"/>
      <line num="53" count="23" type="stmt"/>
      <line num="54" count="51" type="stmt"/>
      <line num="56" count="23" type="stmt"/>
      <line num="57" count="23" type="stmt"/>
      <line num="69" count="10" type="cond" truecount="2" falsecount="0"/>
      <line num="70" count="2" type="stmt"/>
      <line num="72" count="8" type="cond" truecount="2" falsecount="0"/>
      <line num="73" count="2" type="stmt"/>
      <line num="75" count="6" type="stmt"/>
      <line num="76" count="6" type="cond" truecount="1" falsecount="1"/>
      <line num="77" count="0" type="stmt"/>
      <line num="80" count="6" type="stmt"/>
      <line num="81" count="6" type="stmt"/>
      <line num="82" count="18" type="stmt"/>
      <line num="84" count="6" type="stmt"/>
      <line num="85" count="6" type="stmt"/>
      <line num="96" count="31683" type="cond" truecount="2" falsecount="0"/>
      <line num="97" count="15891" type="stmt"/>
      <line num="99" count="15792" type="cond" truecount="4" falsecount="0"/>
      <line num="100" count="2" type="stmt"/>
      <line num="102" count="15790" type="cond" truecount="2" falsecount="0"/>
      <line num="103" count="17" type="stmt"/>
      <line num="107" count="15790" type="stmt"/>
      <line num="108" count="15790" type="stmt"/>
      <line num="109" count="15791" type="stmt"/>
      <line num="111" count="15790" type="stmt"/>
      <line num="124" count="1032670" type="cond" truecount="2" falsecount="0"/>
      <line num="125" count="1" type="stmt"/>
      <line num="129" count="1032669" type="stmt"/>
      <line num="130" count="1032669" type="cond" truecount="2" falsecount="0"/>
      <line num="131" count="1016780" type="stmt"/>
      <line num="134" count="15889" type="stmt"/>
      <line num="135" count="15889" type="stmt"/>
      <line num="138" count="31668" type="stmt"/>
      <line num="142" count="31668" type="stmt"/>
      <line num="145" count="15889" type="stmt"/>
      <line num="146" count="15889" type="stmt"/>
      <line num="160" count="1032661" type="cond" truecount="4" falsecount="0"/>
      <line num="161" count="3" type="stmt"/>
      <line num="163" count="1032658" type="cond" truecount="5" falsecount="0"/>
      <line num="164" count="3" type="stmt"/>
      <line num="166" count="1032655" type="cond" truecount="2" falsecount="0"/>
      <line num="167" count="1" type="stmt"/>
      <line num="169" count="1032654" type="cond" truecount="4" falsecount="0"/>
      <line num="170" count="3" type="stmt"/>
      <line num="176" count="1032651" type="stmt"/>
      <line num="179" count="1032651" type="stmt"/>
      <line num="185" count="1032651" type="stmt"/>
      <line num="188" count="1032651" type="stmt"/>
      <line num="194" count="1032651" type="stmt"/>
      <line num="197" count="1032651" type="stmt"/>
      <line num="210" count="943949" type="cond" truecount="4" falsecount="0"/>
      <line num="211" count="1" type="stmt"/>
      <line num="213" count="943948" type="cond" truecount="4" falsecount="0"/>
      <line num="214" count="1" type="stmt"/>
      <line num="216" count="943947" type="cond" truecount="2" falsecount="0"/>
      <line num="217" count="2" type="stmt"/>
      <line num="219" count="943945" type="cond" truecount="2" falsecount="0"/>
      <line num="220" count="3" type="stmt"/>
      <line num="223" count="943942" type="stmt"/>
      <line num="224" count="943942" type="cond" truecount="2" falsecount="0"/>
      <line num="225" count="830598" type="stmt"/>
      <line num="230" count="113344" type="cond" truecount="2" falsecount="0"/>
      <line num="231" count="113316" type="stmt"/>
      <line num="232" count="113316" type="stmt"/>
      <line num="233" count="31" type="stmt"/>
      <line num="237" count="113316" type="stmt"/>
      <line num="239" count="28" type="cond" truecount="2" falsecount="0"/>
      <line num="240" count="22" type="stmt"/>
      <line num="242" count="6" type="stmt"/>
      <line num="247" count="113344" type="stmt"/>
      <line num="248" count="113344" type="stmt"/>
      <line num="264" count="1032667" type="cond" truecount="4" falsecount="0"/>
      <line num="265" count="1" type="stmt"/>
      <line num="267" count="1032666" type="cond" truecount="4" falsecount="0"/>
      <line num="268" count="3" type="stmt"/>
      <line num="270" count="1032663" type="cond" truecount="4" falsecount="0"/>
      <line num="271" count="2" type="stmt"/>
      <line num="276" count="1032661" type="stmt"/>
      <line num="277" count="1032661" type="cond" truecount="2" falsecount="0"/>
      <line num="278" count="88776" type="stmt"/>
      <line num="281" count="943885" type="stmt"/>
      <line num="282" count="943885" type="stmt"/>
      <line num="285" count="943885" type="stmt"/>
      <line num="291" count="943885" type="stmt"/>
      <line num="294" count="943885" type="cond" truecount="2" falsecount="0"/>
      <line num="296" count="943869" type="stmt"/>
      <line num="297" count="16" type="cond" truecount="2" falsecount="0"/>
      <line num="299" count="8" type="stmt"/>
      <line num="302" count="8" type="stmt"/>
      <line num="305" count="943885" type="stmt"/>
      <line num="306" count="943885" type="stmt"/>
      <line num="327" count="1032640" type="cond" truecount="2" falsecount="0"/>
      <line num="328" count="1" type="stmt"/>
      <line num="331" count="1032639" type="stmt"/>
      <line num="332" count="1032639" type="cond" truecount="1" falsecount="1"/>
      <line num="333" count="0" type="stmt"/>
      <line num="336" count="1032639" type="stmt"/>
      <line num="337" count="1032639" type="stmt"/>
      <line num="339" count="1032639" type="stmt"/>
      <line num="340" count="1032639" type="stmt"/>
      <line num="342" count="1032639" type="stmt"/>
      <line num="343" count="1032639" type="stmt"/>
      <line num="365" count="7" type="cond" truecount="2" falsecount="0"/>
      <line num="366" count="2" type="stmt"/>
      <line num="368" count="5" type="cond" truecount="2" falsecount="0"/>
      <line num="369" count="2" type="stmt"/>
      <line num="372" count="3" type="stmt"/>
      <line num="373" count="3" type="stmt"/>
      <line num="374" count="3" type="stmt"/>
      <line num="376" count="3" type="stmt"/>
      <line num="377" count="3" type="stmt"/>
      <line num="380" count="3" type="stmt"/>
      <line num="381" count="122" type="stmt"/>
      <line num="382" count="122" type="stmt"/>
      <line num="383" count="10422" type="stmt"/>
      <line num="384" count="10422" type="stmt"/>
      <line num="385" count="1032632" type="stmt"/>
      <line num="388" count="1032632" type="stmt"/>
      <line num="390" count="1032632" type="cond" truecount="2" falsecount="0"/>
      <line num="391" count="1032632" type="stmt"/>
      <line num="394" count="1032632" type="cond" truecount="2" falsecount="0"/>
      <line num="395" count="2" type="stmt"/>
      <line num="397" count="1032630" type="stmt"/>
      <line num="401" count="1032632" type="stmt"/>
      <line num="402" count="1032632" type="stmt"/>
      <line num="403" count="1032632" type="stmt"/>
      <line num="410" count="3" type="stmt"/>
      <line num="420" count="1" type="stmt"/>
      <line num="421" count="61" type="stmt"/>
      <line num="422" count="61" type="stmt"/>
      <line num="423" count="61" type="stmt"/>
      <line num="424" count="61" type="stmt"/>
      <line num="425" count="61" type="stmt"/>
      <line num="426" count="61" type="stmt"/>
    </file>
  </project>
</coverage>
