{"C:\\Users\\shach\\dev\\atom\\electron-orbital-viewer\\src\\quantum_functions.js": {"path":"C:\\Users\\shach\\dev\\atom\\electron-orbital-viewer\\src\\quantum_functions.js","statementMap":{"0":{"start":{"line":3,"column":23},"end":{"line":3,"column":32}},"1":{"start":{"line":4,"column":24},"end":{"line":4,"column":33}},"2":{"start":{"line":5,"column":22},"end":{"line":5,"column":31}},"3":{"start":{"line":6,"column":22},"end":{"line":6,"column":31}},"4":{"start":{"line":7,"column":31},"end":{"line":7,"column":40}},"5":{"start":{"line":8,"column":27},"end":{"line":8,"column":36}},"6":{"start":{"line":14,"column":20},"end":{"line":14,"column":35}},"7":{"start":{"line":42,"column":4},"end":{"line":44,"column":5}},"8":{"start":{"line":43,"column":8},"end":{"line":43,"column":74}},"9":{"start":{"line":45,"column":4},"end":{"line":47,"column":5}},"10":{"start":{"line":46,"column":8},"end":{"line":46,"column":17}},"11":{"start":{"line":48,"column":4},"end":{"line":50,"column":5}},"12":{"start":{"line":49,"column":8},"end":{"line":49,"column":37}},"13":{"start":{"line":52,"column":17},"end":{"line":52,"column":18}},"14":{"start":{"line":53,"column":4},"end":{"line":55,"column":5}},"15":{"start":{"line":53,"column":17},"end":{"line":53,"column":18}},"16":{"start":{"line":54,"column":8},"end":{"line":54,"column":20}},"17":{"start":{"line":56,"column":4},"end":{"line":56,"column":34}},"18":{"start":{"line":57,"column":4},"end":{"line":57,"column":18}},"19":{"start":{"line":69,"column":4},"end":{"line":71,"column":5}},"20":{"start":{"line":70,"column":8},"end":{"line":70,"column":76}},"21":{"start":{"line":72,"column":4},"end":{"line":74,"column":5}},"22":{"start":{"line":73,"column":8},"end":{"line":73,"column":17}},"23":{"start":{"line":75,"column":21},"end":{"line":75,"column":32}},"24":{"start":{"line":76,"column":4},"end":{"line":78,"column":5}},"25":{"start":{"line":77,"column":8},"end":{"line":77,"column":45}},"26":{"start":{"line":80,"column":17},"end":{"line":80,"column":18}},"27":{"start":{"line":81,"column":4},"end":{"line":83,"column":5}},"28":{"start":{"line":81,"column":17},"end":{"line":81,"column":18}},"29":{"start":{"line":82,"column":8},"end":{"line":82,"column":26}},"30":{"start":{"line":84,"column":4},"end":{"line":84,"column":42}},"31":{"start":{"line":85,"column":4},"end":{"line":85,"column":18}},"32":{"start":{"line":96,"column":4},"end":{"line":98,"column":5}},"33":{"start":{"line":97,"column":8},"end":{"line":97,"column":17}},"34":{"start":{"line":99,"column":4},"end":{"line":101,"column":5}},"35":{"start":{"line":100,"column":8},"end":{"line":100,"column":17}},"36":{"start":{"line":102,"column":4},"end":{"line":104,"column":5}},"37":{"start":{"line":103,"column":8},"end":{"line":103,"column":18}},"38":{"start":{"line":107,"column":14},"end":{"line":107,"column":15}},"39":{"start":{"line":108,"column":4},"end":{"line":110,"column":5}},"40":{"start":{"line":108,"column":17},"end":{"line":108,"column":18}},"41":{"start":{"line":109,"column":8},"end":{"line":109,"column":36}},"42":{"start":{"line":111,"column":4},"end":{"line":111,"column":15}},"43":{"start":{"line":124,"column":4},"end":{"line":126,"column":5}},"44":{"start":{"line":125,"column":8},"end":{"line":125,"column":78}},"45":{"start":{"line":129,"column":21},"end":{"line":129,"column":41}},"46":{"start":{"line":130,"column":4},"end":{"line":132,"column":5}},"47":{"start":{"line":131,"column":8},"end":{"line":131,"column":43}},"48":{"start":{"line":134,"column":14},"end":{"line":134,"column":15}},"49":{"start":{"line":135,"column":4},"end":{"line":143,"column":5}},"50":{"start":{"line":135,"column":17},"end":{"line":135,"column":18}},"51":{"start":{"line":138,"column":21},"end":{"line":141,"column":33}},"52":{"start":{"line":142,"column":8},"end":{"line":142,"column":20}},"53":{"start":{"line":145,"column":4},"end":{"line":145,"column":37}},"54":{"start":{"line":146,"column":4},"end":{"line":146,"column":15}},"55":{"start":{"line":160,"column":4},"end":{"line":162,"column":5}},"56":{"start":{"line":161,"column":8},"end":{"line":161,"column":84}},"57":{"start":{"line":163,"column":4},"end":{"line":165,"column":5}},"58":{"start":{"line":164,"column":8},"end":{"line":164,"column":94}},"59":{"start":{"line":166,"column":4},"end":{"line":168,"column":5}},"60":{"start":{"line":167,"column":8},"end":{"line":167,"column":60}},"61":{"start":{"line":169,"column":4},"end":{"line":171,"column":5}},"62":{"start":{"line":170,"column":8},"end":{"line":170,"column":74}},"63":{"start":{"line":176,"column":16},"end":{"line":176,"column":31}},"64":{"start":{"line":179,"column":32},"end":{"line":182,"column":5}},"65":{"start":{"line":185,"column":23},"end":{"line":185,"column":39}},"66":{"start":{"line":188,"column":20},"end":{"line":188,"column":38}},"67":{"start":{"line":194,"column":25},"end":{"line":194,"column":70}},"68":{"start":{"line":197,"column":4},"end":{"line":197,"column":69}},"69":{"start":{"line":210,"column":4},"end":{"line":212,"column":5}},"70":{"start":{"line":211,"column":8},"end":{"line":211,"column":104}},"71":{"start":{"line":213,"column":4},"end":{"line":215,"column":5}},"72":{"start":{"line":214,"column":8},"end":{"line":214,"column":104}},"73":{"start":{"line":216,"column":4},"end":{"line":218,"column":5}},"74":{"start":{"line":217,"column":8},"end":{"line":217,"column":110}},"75":{"start":{"line":219,"column":4},"end":{"line":221,"column":5}},"76":{"start":{"line":220,"column":8},"end":{"line":220,"column":17}},"77":{"start":{"line":223,"column":21},"end":{"line":223,"column":37}},"78":{"start":{"line":224,"column":4},"end":{"line":226,"column":5}},"79":{"start":{"line":225,"column":8},"end":{"line":225,"column":43}},"80":{"start":{"line":230,"column":4},"end":{"line":245,"column":5}},"81":{"start":{"line":231,"column":30},"end":{"line":231,"column":31}},"82":{"start":{"line":232,"column":8},"end":{"line":234,"column":9}},"83":{"start":{"line":232,"column":21},"end":{"line":232,"column":30}},"84":{"start":{"line":233,"column":12},"end":{"line":233,"column":33}},"85":{"start":{"line":237,"column":8},"end":{"line":237,"column":59}},"86":{"start":{"line":239,"column":11},"end":{"line":245,"column":5}},"87":{"start":{"line":240,"column":8},"end":{"line":240,"column":70}},"88":{"start":{"line":242,"column":8},"end":{"line":244,"column":22}},"89":{"start":{"line":247,"column":4},"end":{"line":247,"column":37}},"90":{"start":{"line":248,"column":4},"end":{"line":248,"column":15}},"91":{"start":{"line":264,"column":4},"end":{"line":266,"column":5}},"92":{"start":{"line":265,"column":8},"end":{"line":265,"column":92}},"93":{"start":{"line":267,"column":4},"end":{"line":269,"column":5}},"94":{"start":{"line":268,"column":8},"end":{"line":268,"column":110}},"95":{"start":{"line":270,"column":4},"end":{"line":272,"column":5}},"96":{"start":{"line":271,"column":8},"end":{"line":271,"column":98}},"97":{"start":{"line":276,"column":21},"end":{"line":276,"column":49}},"98":{"start":{"line":277,"column":4},"end":{"line":279,"column":5}},"99":{"start":{"line":278,"column":8},"end":{"line":278,"column":52}},"100":{"start":{"line":281,"column":19},"end":{"line":281,"column":31}},"101":{"start":{"line":282,"column":21},"end":{"line":282,"column":36}},"102":{"start":{"line":285,"column":32},"end":{"line":288,"column":5}},"103":{"start":{"line":291,"column":25},"end":{"line":291,"column":74}},"104":{"start":{"line":294,"column":4},"end":{"line":303,"column":5}},"105":{"start":{"line":296,"column":8},"end":{"line":296,"column":52}},"106":{"start":{"line":297,"column":11},"end":{"line":303,"column":5}},"107":{"start":{"line":299,"column":8},"end":{"line":299,"column":88}},"108":{"start":{"line":302,"column":8},"end":{"line":302,"column":92}},"109":{"start":{"line":305,"column":4},"end":{"line":305,"column":49}},"110":{"start":{"line":306,"column":4},"end":{"line":306,"column":18}},"111":{"start":{"line":327,"column":4},"end":{"line":329,"column":5}},"112":{"start":{"line":328,"column":8},"end":{"line":328,"column":99}},"113":{"start":{"line":331,"column":21},"end":{"line":331,"column":64}},"114":{"start":{"line":332,"column":4},"end":{"line":334,"column":5}},"115":{"start":{"line":333,"column":8},"end":{"line":333,"column":48}},"116":{"start":{"line":336,"column":23},"end":{"line":336,"column":53}},"117":{"start":{"line":337,"column":24},"end":{"line":337,"column":64}},"118":{"start":{"line":339,"column":30},"end":{"line":339,"column":54}},"119":{"start":{"line":340,"column":31},"end":{"line":340,"column":68}},"120":{"start":{"line":342,"column":4},"end":{"line":342,"column":57}},"121":{"start":{"line":343,"column":4},"end":{"line":343,"column":30}},"122":{"start":{"line":365,"column":4},"end":{"line":367,"column":5}},"123":{"start":{"line":366,"column":8},"end":{"line":366,"column":66}},"124":{"start":{"line":368,"column":4},"end":{"line":370,"column":5}},"125":{"start":{"line":369,"column":8},"end":{"line":369,"column":59}},"126":{"start":{"line":372,"column":17},"end":{"line":372,"column":53}},"127":{"start":{"line":373,"column":17},"end":{"line":373,"column":62}},"128":{"start":{"line":374,"column":21},"end":{"line":374,"column":22}},"129":{"start":{"line":376,"column":17},"end":{"line":376,"column":46}},"130":{"start":{"line":377,"column":23},"end":{"line":377,"column":28}},"131":{"start":{"line":380,"column":4},"end":{"line":406,"column":5}},"132":{"start":{"line":380,"column":20},"end":{"line":380,"column":21}},"133":{"start":{"line":381,"column":18},"end":{"line":381,"column":42}},"134":{"start":{"line":382,"column":8},"end":{"line":405,"column":9}},"135":{"start":{"line":382,"column":24},"end":{"line":382,"column":25}},"136":{"start":{"line":383,"column":22},"end":{"line":383,"column":46}},"137":{"start":{"line":384,"column":12},"end":{"line":404,"column":13}},"138":{"start":{"line":384,"column":28},"end":{"line":384,"column":29}},"139":{"start":{"line":385,"column":26},"end":{"line":385,"column":50}},"140":{"start":{"line":388,"column":26},"end":{"line":388,"column":58}},"141":{"start":{"line":390,"column":30},"end":{"line":390,"column":87}},"142":{"start":{"line":391,"column":28},"end":{"line":391,"column":44}},"143":{"start":{"line":394,"column":16},"end":{"line":398,"column":17}},"144":{"start":{"line":395,"column":21},"end":{"line":395,"column":85}},"145":{"start":{"line":397,"column":20},"end":{"line":397,"column":90}},"146":{"start":{"line":401,"column":30},"end":{"line":401,"column":78}},"147":{"start":{"line":402,"column":16},"end":{"line":402,"column":38}},"148":{"start":{"line":403,"column":16},"end":{"line":403,"column":59}},"149":{"start":{"line":410,"column":4},"end":{"line":416,"column":6}},"150":{"start":{"line":420,"column":34},"end":{"line":427,"column":1}},"151":{"start":{"line":421,"column":4},"end":{"line":421,"column":27}},"152":{"start":{"line":422,"column":4},"end":{"line":422,"column":28}},"153":{"start":{"line":423,"column":4},"end":{"line":423,"column":26}},"154":{"start":{"line":424,"column":4},"end":{"line":424,"column":26}},"155":{"start":{"line":425,"column":4},"end":{"line":425,"column":35}},"156":{"start":{"line":426,"column":4},"end":{"line":426,"column":31}}},"fnMap":{"0":{"name":"factorial","decl":{"start":{"line":41,"column":16},"end":{"line":41,"column":25}},"loc":{"start":{"line":41,"column":29},"end":{"line":58,"column":1}},"line":41},"1":{"name":"pochhammer","decl":{"start":{"line":68,"column":16},"end":{"line":68,"column":26}},"loc":{"start":{"line":68,"column":33},"end":{"line":86,"column":1}},"line":68},"2":{"name":"binomialCoefficient","decl":{"start":{"line":95,"column":16},"end":{"line":95,"column":35}},"loc":{"start":{"line":95,"column":42},"end":{"line":112,"column":1}},"line":95},"3":{"name":"laguerrePolynomial","decl":{"start":{"line":123,"column":16},"end":{"line":123,"column":34}},"loc":{"start":{"line":123,"column":48},"end":{"line":147,"column":1}},"line":123},"4":{"name":"radialWaveFunction","decl":{"start":{"line":158,"column":16},"end":{"line":158,"column":34}},"loc":{"start":{"line":158,"column":51},"end":{"line":198,"column":1}},"line":158},"5":{"name":"associatedLegendrePolynomial","decl":{"start":{"line":209,"column":16},"end":{"line":209,"column":44}},"loc":{"start":{"line":209,"column":54},"end":{"line":250,"column":1}},"line":209},"6":{"name":"realSphericalHarmonic","decl":{"start":{"line":262,"column":16},"end":{"line":262,"column":37}},"loc":{"start":{"line":262,"column":57},"end":{"line":307,"column":1}},"line":262},"7":{"name":"atomicOrbitalProbabilityDensity","decl":{"start":{"line":324,"column":16},"end":{"line":324,"column":47}},"loc":{"start":{"line":324,"column":80},"end":{"line":344,"column":1}},"line":324},"8":{"name":"generateOrbitalData","decl":{"start":{"line":364,"column":16},"end":{"line":364,"column":35}},"loc":{"start":{"line":364,"column":81},"end":{"line":417,"column":1}},"line":364},"9":{"name":"(anonymous_9)","decl":{"start":{"line":420,"column":34},"end":{"line":420,"column":35}},"loc":{"start":{"line":420,"column":40},"end":{"line":427,"column":1}},"line":420}},"branchMap":{"0":{"loc":{"start":{"line":42,"column":4},"end":{"line":44,"column":5}},"type":"if","locations":[{"start":{"line":42,"column":4},"end":{"line":44,"column":5}},{"start":{},"end":{}}],"line":42},"1":{"loc":{"start":{"line":45,"column":4},"end":{"line":47,"column":5}},"type":"if","locations":[{"start":{"line":45,"column":4},"end":{"line":47,"column":5}},{"start":{},"end":{}}],"line":45},"2":{"loc":{"start":{"line":45,"column":8},"end":{"line":45,"column":26}},"type":"binary-expr","locations":[{"start":{"line":45,"column":8},"end":{"line":45,"column":15}},{"start":{"line":45,"column":19},"end":{"line":45,"column":26}}],"line":45},"3":{"loc":{"start":{"line":48,"column":4},"end":{"line":50,"column":5}},"type":"if","locations":[{"start":{"line":48,"column":4},"end":{"line":50,"column":5}},{"start":{},"end":{}}],"line":48},"4":{"loc":{"start":{"line":69,"column":4},"end":{"line":71,"column":5}},"type":"if","locations":[{"start":{"line":69,"column":4},"end":{"line":71,"column":5}},{"start":{},"end":{}}],"line":69},"5":{"loc":{"start":{"line":72,"column":4},"end":{"line":74,"column":5}},"type":"if","locations":[{"start":{"line":72,"column":4},"end":{"line":74,"column":5}},{"start":{},"end":{}}],"line":72},"6":{"loc":{"start":{"line":76,"column":4},"end":{"line":78,"column":5}},"type":"if","locations":[{"start":{"line":76,"column":4},"end":{"line":78,"column":5}},{"start":{},"end":{}}],"line":76},"7":{"loc":{"start":{"line":96,"column":4},"end":{"line":98,"column":5}},"type":"if","locations":[{"start":{"line":96,"column":4},"end":{"line":98,"column":5}},{"start":{},"end":{}}],"line":96},"8":{"loc":{"start":{"line":99,"column":4},"end":{"line":101,"column":5}},"type":"if","locations":[{"start":{"line":99,"column":4},"end":{"line":101,"column":5}},{"start":{},"end":{}}],"line":99},"9":{"loc":{"start":{"line":99,"column":8},"end":{"line":99,"column":22}},"type":"binary-expr","locations":[{"start":{"line":99,"column":8},"end":{"line":99,"column":13}},{"start":{"line":99,"column":17},"end":{"line":99,"column":22}}],"line":99},"10":{"loc":{"start":{"line":102,"column":4},"end":{"line":104,"column":5}},"type":"if","locations":[{"start":{"line":102,"column":4},"end":{"line":104,"column":5}},{"start":{},"end":{}}],"line":102},"11":{"loc":{"start":{"line":124,"column":4},"end":{"line":126,"column":5}},"type":"if","locations":[{"start":{"line":124,"column":4},"end":{"line":126,"column":5}},{"start":{},"end":{}}],"line":124},"12":{"loc":{"start":{"line":130,"column":4},"end":{"line":132,"column":5}},"type":"if","locations":[{"start":{"line":130,"column":4},"end":{"line":132,"column":5}},{"start":{},"end":{}}],"line":130},"13":{"loc":{"start":{"line":158,"column":44},"end":{"line":158,"column":49}},"type":"default-arg","locations":[{"start":{"line":158,"column":48},"end":{"line":158,"column":49}}],"line":158},"14":{"loc":{"start":{"line":160,"column":4},"end":{"line":162,"column":5}},"type":"if","locations":[{"start":{"line":160,"column":4},"end":{"line":162,"column":5}},{"start":{},"end":{}}],"line":160},"15":{"loc":{"start":{"line":160,"column":8},"end":{"line":160,"column":37}},"type":"binary-expr","locations":[{"start":{"line":160,"column":8},"end":{"line":160,"column":13}},{"start":{"line":160,"column":17},"end":{"line":160,"column":37}}],"line":160},"16":{"loc":{"start":{"line":163,"column":4},"end":{"line":165,"column":5}},"type":"if","locations":[{"start":{"line":163,"column":4},"end":{"line":165,"column":5}},{"start":{},"end":{}}],"line":163},"17":{"loc":{"start":{"line":163,"column":8},"end":{"line":163,"column":50}},"type":"binary-expr","locations":[{"start":{"line":163,"column":8},"end":{"line":163,"column":13}},{"start":{"line":163,"column":17},"end":{"line":163,"column":26}},{"start":{"line":163,"column":30},"end":{"line":163,"column":50}}],"line":163},"18":{"loc":{"start":{"line":166,"column":4},"end":{"line":168,"column":5}},"type":"if","locations":[{"start":{"line":166,"column":4},"end":{"line":168,"column":5}},{"start":{},"end":{}}],"line":166},"19":{"loc":{"start":{"line":169,"column":4},"end":{"line":171,"column":5}},"type":"if","locations":[{"start":{"line":169,"column":4},"end":{"line":171,"column":5}},{"start":{},"end":{}}],"line":169},"20":{"loc":{"start":{"line":169,"column":8},"end":{"line":169,"column":37}},"type":"binary-expr","locations":[{"start":{"line":169,"column":8},"end":{"line":169,"column":13}},{"start":{"line":169,"column":17},"end":{"line":169,"column":37}}],"line":169},"21":{"loc":{"start":{"line":210,"column":4},"end":{"line":212,"column":5}},"type":"if","locations":[{"start":{"line":210,"column":4},"end":{"line":212,"column":5}},{"start":{},"end":{}}],"line":210},"22":{"loc":{"start":{"line":210,"column":8},"end":{"line":210,"column":37}},"type":"binary-expr","locations":[{"start":{"line":210,"column":8},"end":{"line":210,"column":13}},{"start":{"line":210,"column":17},"end":{"line":210,"column":37}}],"line":210},"23":{"loc":{"start":{"line":213,"column":4},"end":{"line":215,"column":5}},"type":"if","locations":[{"start":{"line":213,"column":4},"end":{"line":215,"column":5}},{"start":{},"end":{}}],"line":213},"24":{"loc":{"start":{"line":213,"column":8},"end":{"line":213,"column":37}},"type":"binary-expr","locations":[{"start":{"line":213,"column":8},"end":{"line":213,"column":13}},{"start":{"line":213,"column":17},"end":{"line":213,"column":37}}],"line":213},"25":{"loc":{"start":{"line":216,"column":4},"end":{"line":218,"column":5}},"type":"if","locations":[{"start":{"line":216,"column":4},"end":{"line":218,"column":5}},{"start":{},"end":{}}],"line":216},"26":{"loc":{"start":{"line":219,"column":4},"end":{"line":221,"column":5}},"type":"if","locations":[{"start":{"line":219,"column":4},"end":{"line":221,"column":5}},{"start":{},"end":{}}],"line":219},"27":{"loc":{"start":{"line":224,"column":4},"end":{"line":226,"column":5}},"type":"if","locations":[{"start":{"line":224,"column":4},"end":{"line":226,"column":5}},{"start":{},"end":{}}],"line":224},"28":{"loc":{"start":{"line":230,"column":4},"end":{"line":245,"column":5}},"type":"if","locations":[{"start":{"line":230,"column":4},"end":{"line":245,"column":5}},{"start":{"line":239,"column":11},"end":{"line":245,"column":5}}],"line":230},"29":{"loc":{"start":{"line":239,"column":11},"end":{"line":245,"column":5}},"type":"if","locations":[{"start":{"line":239,"column":11},"end":{"line":245,"column":5}},{"start":{"line":241,"column":11},"end":{"line":245,"column":5}}],"line":239},"30":{"loc":{"start":{"line":264,"column":4},"end":{"line":266,"column":5}},"type":"if","locations":[{"start":{"line":264,"column":4},"end":{"line":266,"column":5}},{"start":{},"end":{}}],"line":264},"31":{"loc":{"start":{"line":264,"column":8},"end":{"line":264,"column":37}},"type":"binary-expr","locations":[{"start":{"line":264,"column":8},"end":{"line":264,"column":13}},{"start":{"line":264,"column":17},"end":{"line":264,"column":37}}],"line":264},"32":{"loc":{"start":{"line":267,"column":4},"end":{"line":269,"column":5}},"type":"if","locations":[{"start":{"line":267,"column":4},"end":{"line":269,"column":5}},{"start":{},"end":{}}],"line":267},"33":{"loc":{"start":{"line":267,"column":8},"end":{"line":267,"column":49}},"type":"binary-expr","locations":[{"start":{"line":267,"column":8},"end":{"line":267,"column":29}},{"start":{"line":267,"column":33},"end":{"line":267,"column":49}}],"line":267},"34":{"loc":{"start":{"line":270,"column":4},"end":{"line":272,"column":5}},"type":"if","locations":[{"start":{"line":270,"column":4},"end":{"line":272,"column":5}},{"start":{},"end":{}}],"line":270},"35":{"loc":{"start":{"line":270,"column":8},"end":{"line":270,"column":36}},"type":"binary-expr","locations":[{"start":{"line":270,"column":8},"end":{"line":270,"column":17}},{"start":{"line":270,"column":21},"end":{"line":270,"column":36}}],"line":270},"36":{"loc":{"start":{"line":277,"column":4},"end":{"line":279,"column":5}},"type":"if","locations":[{"start":{"line":277,"column":4},"end":{"line":279,"column":5}},{"start":{},"end":{}}],"line":277},"37":{"loc":{"start":{"line":294,"column":4},"end":{"line":303,"column":5}},"type":"if","locations":[{"start":{"line":294,"column":4},"end":{"line":303,"column":5}},{"start":{"line":297,"column":11},"end":{"line":303,"column":5}}],"line":294},"38":{"loc":{"start":{"line":297,"column":11},"end":{"line":303,"column":5}},"type":"if","locations":[{"start":{"line":297,"column":11},"end":{"line":303,"column":5}},{"start":{"line":300,"column":11},"end":{"line":303,"column":5}}],"line":297},"39":{"loc":{"start":{"line":324,"column":73},"end":{"line":324,"column":78}},"type":"default-arg","locations":[{"start":{"line":324,"column":77},"end":{"line":324,"column":78}}],"line":324},"40":{"loc":{"start":{"line":327,"column":4},"end":{"line":329,"column":5}},"type":"if","locations":[{"start":{"line":327,"column":4},"end":{"line":329,"column":5}},{"start":{},"end":{}}],"line":327},"41":{"loc":{"start":{"line":332,"column":4},"end":{"line":334,"column":5}},"type":"if","locations":[{"start":{"line":332,"column":4},"end":{"line":334,"column":5}},{"start":{},"end":{}}],"line":332},"42":{"loc":{"start":{"line":364,"column":46},"end":{"line":364,"column":51}},"type":"default-arg","locations":[{"start":{"line":364,"column":50},"end":{"line":364,"column":51}}],"line":364},"43":{"loc":{"start":{"line":364,"column":53},"end":{"line":364,"column":68}},"type":"default-arg","locations":[{"start":{"line":364,"column":66},"end":{"line":364,"column":68}}],"line":364},"44":{"loc":{"start":{"line":364,"column":70},"end":{"line":364,"column":79}},"type":"default-arg","locations":[{"start":{"line":364,"column":77},"end":{"line":364,"column":79}}],"line":364},"45":{"loc":{"start":{"line":365,"column":4},"end":{"line":367,"column":5}},"type":"if","locations":[{"start":{"line":365,"column":4},"end":{"line":367,"column":5}},{"start":{},"end":{}}],"line":365},"46":{"loc":{"start":{"line":368,"column":4},"end":{"line":370,"column":5}},"type":"if","locations":[{"start":{"line":368,"column":4},"end":{"line":370,"column":5}},{"start":{},"end":{}}],"line":368},"47":{"loc":{"start":{"line":390,"column":65},"end":{"line":390,"column":84}},"type":"cond-expr","locations":[{"start":{"line":390,"column":75},"end":{"line":390,"column":76}},{"start":{"line":390,"column":79},"end":{"line":390,"column":84}}],"line":390},"48":{"loc":{"start":{"line":394,"column":16},"end":{"line":398,"column":17}},"type":"if","locations":[{"start":{"line":394,"column":16},"end":{"line":398,"column":17}},{"start":{"line":396,"column":23},"end":{"line":398,"column":17}}],"line":394}},"s":{"0":1,"1":1,"2":1,"3":1,"4":1,"5":1,"6":1,"7":3984747,"8":2,"9":3984745,"10":2954401,"11":1030344,"12":1030321,"13":23,"14":23,"15":23,"16":51,"17":23,"18":23,"19":10,"20":2,"21":8,"22":2,"23":6,"24":6,"25":0,"26":6,"27":6,"28":6,"29":18,"30":6,"31":6,"32":31683,"33":15891,"34":15792,"35":2,"36":15790,"37":17,"38":15790,"39":15790,"40":15790,"41":15791,"42":15790,"43":1032670,"44":1,"45":1032669,"46":1032669,"47":1016780,"48":15889,"49":15889,"50":15889,"51":31668,"52":31668,"53":15889,"54":15889,"55":1032661,"56":3,"57":1032658,"58":3,"59":1032655,"60":1,"61":1032654,"62":3,"63":1032651,"64":1032651,"65":1032651,"66":1032651,"67":1032651,"68":1032651,"69":943949,"70":1,"71":943948,"72":1,"73":943947,"74":2,"75":943945,"76":3,"77":943942,"78":943942,"79":830598,"80":113344,"81":113316,"82":113316,"83":113316,"84":31,"85":113316,"86":28,"87":22,"88":6,"89":113344,"90":113344,"91":1032667,"92":1,"93":1032666,"94":3,"95":1032663,"96":2,"97":1032661,"98":1032661,"99":88776,"100":943885,"101":943885,"102":943885,"103":943885,"104":943885,"105":943869,"106":16,"107":8,"108":8,"109":943885,"110":943885,"111":1032640,"112":1,"113":1032639,"114":1032639,"115":0,"116":1032639,"117":1032639,"118":1032639,"119":1032639,"120":1032639,"121":1032639,"122":7,"123":2,"124":5,"125":2,"126":3,"127":3,"128":3,"129":3,"130":3,"131":3,"132":3,"133":122,"134":122,"135":122,"136":10422,"137":10422,"138":10422,"139":1032632,"140":1032632,"141":1032632,"142":1032632,"143":1032632,"144":2,"145":1032630,"146":1032632,"147":1032632,"148":1032632,"149":3,"150":1,"151":61,"152":61,"153":61,"154":61,"155":61,"156":61},"f":{"0":3984747,"1":10,"2":31683,"3":1032670,"4":1032661,"5":943949,"6":1032667,"7":1032640,"8":7,"9":61},"b":{"0":[2,3984745],"1":[2954401,1030344],"2":[3984745,2078773],"3":[1030321,23],"4":[2,8],"5":[2,6],"6":[0,6],"7":[15891,15792],"8":[2,15790],"9":[15792,15791],"10":[17,15773],"11":[1,1032669],"12":[1016780,15889],"13":[7],"14":[3,1032658],"15":[1032661,1032659],"16":[3,1032655],"17":[1032658,1032657,1032656],"18":[1,1032654],"19":[3,1032651],"20":[1032654,1032652],"21":[1,943948],"22":[943949,943948],"23":[1,943947],"24":[943948,943947],"25":[2,943945],"26":[3,943942],"27":[830598,113344],"28":[113316,28],"29":[22,6],"30":[1,1032666],"31":[1032667,1032666],"32":[3,1032663],"33":[1032666,1032665],"34":[2,1032661],"35":[1032663,1032662],"36":[88776,943885],"37":[943869,16],"38":[8,8],"39":[0],"40":[1,1032639],"41":[0,1032639],"42":[0],"43":[0],"44":[0],"45":[2,5],"46":[2,3],"47":[2,1032630],"48":[2,1032630]},"_coverageSchema":"1a1c01bbd47fc00a2c39e90264f33305004495a9","hash":"dded3de4f4352309db6db2354ab702afb7ee4514"}
}
