TN:
SF:src\quantum_functions.js
FN:41,factorial
FN:68,pochhammer
FN:95,binomialCoefficient
FN:123,laguerrePolynomial
FN:158,radialWaveFunction
FN:209,associatedLegendrePolynomial
FN:262,realSphericalHarmonic
FN:324,atomicOrbitalProbabilityDensity
FN:364,generateOrbitalData
FN:420,(anonymous_9)
FNF:10
FNH:10
FNDA:3984747,factorial
FNDA:10,pochhammer
FNDA:31683,binomialCoefficient
FNDA:1032670,laguerrePolynomial
FNDA:1032661,radialWaveFunction
FNDA:943949,associatedLegendrePolynomial
FNDA:1032667,realSphericalHarmonic
FNDA:1032640,atomicOrbitalProbabilityDensity
FNDA:7,generateOrbitalData
FNDA:61,(anonymous_9)
DA:3,1
DA:4,1
DA:5,1
DA:6,1
DA:7,1
DA:8,1
DA:14,1
DA:42,3984747
DA:43,2
DA:45,3984745
DA:46,2954401
DA:48,1030344
DA:49,1030321
DA:52,23
DA:53,23
DA:54,51
DA:56,23
DA:57,23
DA:69,10
DA:70,2
DA:72,8
DA:73,2
DA:75,6
DA:76,6
DA:77,0
DA:80,6
DA:81,6
DA:82,18
DA:84,6
DA:85,6
DA:96,31683
DA:97,15891
DA:99,15792
DA:100,2
DA:102,15790
DA:103,17
DA:107,15790
DA:108,15790
DA:109,15791
DA:111,15790
DA:124,1032670
DA:125,1
DA:129,1032669
DA:130,1032669
DA:131,1016780
DA:134,15889
DA:135,15889
DA:138,31668
DA:142,31668
DA:145,15889
DA:146,15889
DA:160,1032661
DA:161,3
DA:163,1032658
DA:164,3
DA:166,1032655
DA:167,1
DA:169,1032654
DA:170,3
DA:176,1032651
DA:179,1032651
DA:185,1032651
DA:188,1032651
DA:194,1032651
DA:197,1032651
DA:210,943949
DA:211,1
DA:213,943948
DA:214,1
DA:216,943947
DA:217,2
DA:219,943945
DA:220,3
DA:223,943942
DA:224,943942
DA:225,830598
DA:230,113344
DA:231,113316
DA:232,113316
DA:233,31
DA:237,113316
DA:239,28
DA:240,22
DA:242,6
DA:247,113344
DA:248,113344
DA:264,1032667
DA:265,1
DA:267,1032666
DA:268,3
DA:270,1032663
DA:271,2
DA:276,1032661
DA:277,1032661
DA:278,88776
DA:281,943885
DA:282,943885
DA:285,943885
DA:291,943885
DA:294,943885
DA:296,943869
DA:297,16
DA:299,8
DA:302,8
DA:305,943885
DA:306,943885
DA:327,1032640
DA:328,1
DA:331,1032639
DA:332,1032639
DA:333,0
DA:336,1032639
DA:337,1032639
DA:339,1032639
DA:340,1032639
DA:342,1032639
DA:343,1032639
DA:365,7
DA:366,2
DA:368,5
DA:369,2
DA:372,3
DA:373,3
DA:374,3
DA:376,3
DA:377,3
DA:380,3
DA:381,122
DA:382,122
DA:383,10422
DA:384,10422
DA:385,1032632
DA:388,1032632
DA:390,1032632
DA:391,1032632
DA:394,1032632
DA:395,2
DA:397,1032630
DA:401,1032632
DA:402,1032632
DA:403,1032632
DA:410,3
DA:420,1
DA:421,61
DA:422,61
DA:423,61
DA:424,61
DA:425,61
DA:426,61
LF:149
LH:147
BRDA:42,0,0,2
BRDA:42,0,1,3984745
BRDA:45,1,0,2954401
BRDA:45,1,1,1030344
BRDA:45,2,0,3984745
BRDA:45,2,1,2078773
BRDA:48,3,0,1030321
BRDA:48,3,1,23
BRDA:69,4,0,2
BRDA:69,4,1,8
BRDA:72,5,0,2
BRDA:72,5,1,6
BRDA:76,6,0,0
BRDA:76,6,1,6
BRDA:96,7,0,15891
BRDA:96,7,1,15792
BRDA:99,8,0,2
BRDA:99,8,1,15790
BRDA:99,9,0,15792
BRDA:99,9,1,15791
BRDA:102,10,0,17
BRDA:102,10,1,15773
BRDA:124,11,0,1
BRDA:124,11,1,1032669
BRDA:130,12,0,1016780
BRDA:130,12,1,15889
BRDA:158,13,0,7
BRDA:160,14,0,3
BRDA:160,14,1,1032658
BRDA:160,15,0,1032661
BRDA:160,15,1,1032659
BRDA:163,16,0,3
BRDA:163,16,1,1032655
BRDA:163,17,0,1032658
BRDA:163,17,1,1032657
BRDA:163,17,2,1032656
BRDA:166,18,0,1
BRDA:166,18,1,1032654
BRDA:169,19,0,3
BRDA:169,19,1,1032651
BRDA:169,20,0,1032654
BRDA:169,20,1,1032652
BRDA:210,21,0,1
BRDA:210,21,1,943948
BRDA:210,22,0,943949
BRDA:210,22,1,943948
BRDA:213,23,0,1
BRDA:213,23,1,943947
BRDA:213,24,0,943948
BRDA:213,24,1,943947
BRDA:216,25,0,2
BRDA:216,25,1,943945
BRDA:219,26,0,3
BRDA:219,26,1,943942
BRDA:224,27,0,830598
BRDA:224,27,1,113344
BRDA:230,28,0,113316
BRDA:230,28,1,28
BRDA:239,29,0,22
BRDA:239,29,1,6
BRDA:264,30,0,1
BRDA:264,30,1,1032666
BRDA:264,31,0,1032667
BRDA:264,31,1,1032666
BRDA:267,32,0,3
BRDA:267,32,1,1032663
BRDA:267,33,0,1032666
BRDA:267,33,1,1032665
BRDA:270,34,0,2
BRDA:270,34,1,1032661
BRDA:270,35,0,1032663
BRDA:270,35,1,1032662
BRDA:277,36,0,88776
BRDA:277,36,1,943885
BRDA:294,37,0,943869
BRDA:294,37,1,16
BRDA:297,38,0,8
BRDA:297,38,1,8
BRDA:324,39,0,0
BRDA:327,40,0,1
BRDA:327,40,1,1032639
BRDA:332,41,0,0
BRDA:332,41,1,1032639
BRDA:364,42,0,0
BRDA:364,43,0,0
BRDA:364,44,0,0
BRDA:365,45,0,2
BRDA:365,45,1,5
BRDA:368,46,0,2
BRDA:368,46,1,3
BRDA:390,47,0,2
BRDA:390,47,1,1032630
BRDA:394,48,0,2
BRDA:394,48,1,1032630
BRF:94
BRH:88
end_of_record
